2021-02-01 21:26:03,527 INFO org.springframework.boot.StartupInfoLogger [main] Starting ProjectDataApplication on Kapil-Sharma with PID 18648 (D:\study\springbootjpa\projaectdatademospring\target\classes started by kapil.sharma in D:\study\springbootjpa\projaectdatademospring)
2021-02-01 21:26:03,554 INFO org.springframework.boot.SpringApplication [main] No active profile set, falling back to default profiles: default
2021-02-01 21:26:07,947 INFO org.springframework.data.repository.config.RepositoryConfigurationDelegate [main] Bootstrapping Spring Data repositories in DEFAULT mode.
2021-02-01 21:26:08,210 INFO org.springframework.data.repository.config.RepositoryConfigurationDelegate [main] Finished Spring Data repository scanning in 244ms. Found 10 repository interfaces.
2021-02-01 21:26:09,187 INFO org.springframework.context.support.PostProcessorRegistrationDelegate$BeanPostProcessorChecker [main] Bean 'org.springframework.transaction.annotation.ProxyTransactionManagementConfiguration' of type [org.springframework.transaction.annotation.ProxyTransactionManagementConfiguration$$EnhancerBySpringCGLIB$$31177d4e] is not eligible for getting processed by all BeanPostProcessors (for example: not eligible for auto-proxying)
2021-02-01 21:26:11,317 INFO org.springframework.boot.web.embedded.tomcat.TomcatWebServer [main] Tomcat initialized with port(s): 8080 (http)
2021-02-01 21:26:11,541 INFO org.apache.juli.logging.DirectJDKLog [main] Initializing ProtocolHandler ["http-nio-8080"]
2021-02-01 21:26:11,735 INFO org.apache.juli.logging.DirectJDKLog [main] Starting service [Tomcat]
2021-02-01 21:26:11,735 INFO org.apache.juli.logging.DirectJDKLog [main] Starting Servlet engine: [Apache Tomcat/9.0.16]
2021-02-01 21:26:11,778 INFO org.apache.juli.logging.DirectJDKLog [main] The APR based Apache Tomcat Native library which allows optimal performance in production environments was not found on the java.library.path: [C:\Program Files\Java\jre1.8.0_231\bin;C:\Windows\Sun\Java\bin;C:\Windows\system32;C:\Windows;C:/Program Files/Java/jre1.8.0_231/bin/server;C:/Program Files/Java/jre1.8.0_231/bin;C:/Program Files/Java/jre1.8.0_231/lib/amd64;C:\Program Files (x86)\Common Files\Oracle\Java\javapath;C:\Windows\system32;C:\Windows;C:\Windows\System32\Wbem;C:\Windows\System32\WindowsPowerShell\v1.0\;C:\Program Files\Microsoft SQL Server\130\Tools\Binn\;C:\Program Files\dotnet\;C:\Program Files\nodejs\;C:\Program Files (x86)\Microsoft SQL Server\110\Tools\Binn\;C:\Program Files\Microsoft SQL Server\110\Tools\Binn\;C:\Program Files\Microsoft SQL Server\110\DTS\Binn\;C:\Program Files (x86)\Microsoft SQL Server\110\Tools\Binn\ManagementStudio\;C:\Program Files (x86)\Microsoft SQL Server\110\DTS\Binn\;C:\Program Files\TortoiseGit\bin;C:\Program Files\Microsoft VS Code\bin;C:\Program Files\PuTTY\;C:\Program Files\Git\cmd;C:\Program Files\Java\jdk1.8.0_144\jre\bin;C:\Program Files\Java\jdk1.8.0_144\bin;C:\apache-maven-3.6.1\bin;%M2_HOME%\bin;C:\apache-maven-3.6.1\bin;C:\Program Files\Microsoft VS Code\bin;C:\Users\kapil.sharma\AppData\Roaming\npm;C:\Users\kapil.sharma\AppData\Local\GitHubDesktop\bin;C:\Program Files\Java\jdk1.8.0_144\bin;C:\Program Files\Docker Toolbox;C:\apache-maven-3.6.1/bin;C:\Users\kapil.sharma\AppData\Local\Programs\Python\Python38-32;C:\Users\kapil.sharma\AppData\Local\Programs\Python\Python38-32\Scripts;C:\Windows\system32;;.]
2021-02-01 21:26:12,829 INFO org.apache.juli.logging.DirectJDKLog [main] Initializing Spring embedded WebApplicationContext
2021-02-01 21:26:12,830 INFO org.springframework.boot.web.servlet.context.ServletWebServerApplicationContext [main] Root WebApplicationContext: initialization completed in 8958 ms
2021-02-01 21:26:13,697 INFO com.zaxxer.hikari.HikariDataSource [main] HikariPool-1 - Starting...
2021-02-01 21:26:14,145 INFO com.zaxxer.hikari.HikariDataSource [main] HikariPool-1 - Start completed.
2021-02-01 21:26:14,384 INFO org.hibernate.jpa.internal.util.LogHelper [main] HHH000204: Processing PersistenceUnitInfo [
	name: default
	...]
2021-02-01 21:26:14,668 INFO org.hibernate.Version [main] HHH000412: Hibernate Core {5.3.7.Final}
2021-02-01 21:26:14,671 INFO org.hibernate.cfg.Environment [main] HHH000206: hibernate.properties not found
2021-02-01 21:26:15,198 INFO org.hibernate.annotations.common.reflection.java.JavaReflectionManager [main] HCANN000001: Hibernate Commons Annotations {5.0.4.Final}
2021-02-01 21:26:15,693 INFO org.hibernate.dialect.Dialect [main] HHH000400: Using dialect: org.hibernate.dialect.MySQL5Dialect
2021-02-01 21:26:19,374 INFO org.springframework.orm.jpa.AbstractEntityManagerFactoryBean [main] Initialized JPA EntityManagerFactory for persistence unit 'default'
2021-02-01 21:26:21,886 WARN org.springframework.boot.autoconfigure.orm.jpa.JpaBaseConfiguration$JpaWebConfiguration$JpaWebMvcConfiguration [main] spring.jpa.open-in-view is enabled by default. Therefore, database queries may be performed during view rendering. Explicitly configure spring.jpa.open-in-view to disable this warning
2021-02-01 21:26:22,274 INFO springfox.documentation.spring.web.PropertySourcedRequestMappingHandlerMapping [main] Mapped URL path [/v2/api-docs] onto method [public org.springframework.http.ResponseEntity<springfox.documentation.spring.web.json.Json> springfox.documentation.swagger2.web.Swagger2Controller.getDocumentation(java.lang.String,javax.servlet.http.HttpServletRequest)]
2021-02-01 21:26:22,332 INFO org.springframework.scheduling.concurrent.ExecutorConfigurationSupport [main] Initializing ExecutorService
2021-02-01 21:26:22,335 INFO org.springframework.scheduling.concurrent.ExecutorConfigurationSupport [main] Initializing ExecutorService 'taskExecutor'
2021-02-01 21:26:23,319 INFO springfox.documentation.spring.web.plugins.DocumentationPluginsBootstrapper [main] Context refreshed
2021-02-01 21:26:23,384 INFO springfox.documentation.spring.web.plugins.DocumentationPluginsBootstrapper [main] Found 1 custom documentation plugin(s)
2021-02-01 21:26:23,694 INFO springfox.documentation.spring.web.scanners.ApiListingReferenceScanner [main] Scanning for api listing references
2021-02-01 21:26:24,238 INFO springfox.documentation.spring.web.readers.operation.CachingOperationNameGenerator [main] Generating unique operation named: addCourseUsingPOST_1
2021-02-01 21:26:24,447 INFO springfox.documentation.spring.web.readers.operation.CachingOperationNameGenerator [main] Generating unique operation named: getUsersUsingGET_1
2021-02-01 21:26:24,510 INFO springfox.documentation.spring.web.readers.operation.CachingOperationNameGenerator [main] Generating unique operation named: deleteAddressUsingDELETE_1
2021-02-01 21:26:24,521 INFO springfox.documentation.spring.web.readers.operation.CachingOperationNameGenerator [main] Generating unique operation named: deleteUserUsingDELETE_1
2021-02-01 21:26:24,539 INFO springfox.documentation.spring.web.readers.operation.CachingOperationNameGenerator [main] Generating unique operation named: getAddressUsingGET_1
2021-02-01 21:26:24,547 INFO springfox.documentation.spring.web.readers.operation.CachingOperationNameGenerator [main] Generating unique operation named: getAddressesUsingGET_1
2021-02-01 21:26:24,618 INFO springfox.documentation.spring.web.readers.operation.CachingOperationNameGenerator [main] Generating unique operation named: getUserUsingGET_1
2021-02-01 21:26:24,626 INFO springfox.documentation.spring.web.readers.operation.CachingOperationNameGenerator [main] Generating unique operation named: getUsersUsingGET_2
2021-02-01 21:26:24,643 INFO springfox.documentation.spring.web.readers.operation.CachingOperationNameGenerator [main] Generating unique operation named: saveAddressUsingPOST_1
2021-02-01 21:26:24,664 INFO springfox.documentation.spring.web.readers.operation.CachingOperationNameGenerator [main] Generating unique operation named: saveUserUsingPOST_1
2021-02-01 21:26:24,679 INFO springfox.documentation.spring.web.readers.operation.CachingOperationNameGenerator [main] Generating unique operation named: addTopicUsingPOST_1
2021-02-01 21:26:24,790 INFO org.apache.juli.logging.DirectJDKLog [main] Starting ProtocolHandler ["http-nio-8080"]
2021-02-01 21:26:24,878 INFO org.springframework.boot.web.embedded.tomcat.TomcatWebServer [main] Tomcat started on port(s): 8080 (http) with context path ''
2021-02-01 21:26:24,882 INFO org.springframework.boot.StartupInfoLogger [main] Started ProjectDataApplication in 24.005 seconds (JVM running for 29.226)
2021-02-01 23:03:07,038 INFO org.springframework.boot.StartupInfoLogger [main] Starting ProjectDataApplication on Kapil-Sharma with PID 21808 (D:\study\springbootjpa\projaectdatademospring\target\classes started by kapil.sharma in D:\study\springbootjpa\projaectdatademospring)
2021-02-01 23:03:07,044 INFO org.springframework.boot.SpringApplication [main] No active profile set, falling back to default profiles: default
2021-02-01 23:03:09,793 INFO org.springframework.data.repository.config.RepositoryConfigurationDelegate [main] Bootstrapping Spring Data repositories in DEFAULT mode.
2021-02-01 23:03:10,007 INFO org.springframework.data.repository.config.RepositoryConfigurationDelegate [main] Finished Spring Data repository scanning in 199ms. Found 10 repository interfaces.
2021-02-01 23:03:10,902 INFO org.springframework.context.support.PostProcessorRegistrationDelegate$BeanPostProcessorChecker [main] Bean 'org.springframework.transaction.annotation.ProxyTransactionManagementConfiguration' of type [org.springframework.transaction.annotation.ProxyTransactionManagementConfiguration$$EnhancerBySpringCGLIB$$b43222b3] is not eligible for getting processed by all BeanPostProcessors (for example: not eligible for auto-proxying)
2021-02-01 23:03:12,077 INFO org.springframework.boot.web.embedded.tomcat.TomcatWebServer [main] Tomcat initialized with port(s): 8080 (http)
2021-02-01 23:03:12,121 INFO org.apache.juli.logging.DirectJDKLog [main] Initializing ProtocolHandler ["http-nio-8080"]
2021-02-01 23:03:12,433 INFO org.apache.juli.logging.DirectJDKLog [main] Starting service [Tomcat]
2021-02-01 23:03:12,434 INFO org.apache.juli.logging.DirectJDKLog [main] Starting Servlet engine: [Apache Tomcat/9.0.16]
2021-02-01 23:03:12,459 INFO org.apache.juli.logging.DirectJDKLog [main] The APR based Apache Tomcat Native library which allows optimal performance in production environments was not found on the java.library.path: [C:\Program Files\Java\jre1.8.0_231\bin;C:\Windows\Sun\Java\bin;C:\Windows\system32;C:\Windows;C:/Program Files/Java/jre1.8.0_231/bin/server;C:/Program Files/Java/jre1.8.0_231/bin;C:/Program Files/Java/jre1.8.0_231/lib/amd64;C:\Program Files (x86)\Common Files\Oracle\Java\javapath;C:\Windows\system32;C:\Windows;C:\Windows\System32\Wbem;C:\Windows\System32\WindowsPowerShell\v1.0\;C:\Program Files\Microsoft SQL Server\130\Tools\Binn\;C:\Program Files\dotnet\;C:\Program Files\nodejs\;C:\Program Files (x86)\Microsoft SQL Server\110\Tools\Binn\;C:\Program Files\Microsoft SQL Server\110\Tools\Binn\;C:\Program Files\Microsoft SQL Server\110\DTS\Binn\;C:\Program Files (x86)\Microsoft SQL Server\110\Tools\Binn\ManagementStudio\;C:\Program Files (x86)\Microsoft SQL Server\110\DTS\Binn\;C:\Program Files\TortoiseGit\bin;C:\Program Files\Microsoft VS Code\bin;C:\Program Files\PuTTY\;C:\Program Files\Git\cmd;C:\Program Files\Java\jdk1.8.0_144\jre\bin;C:\Program Files\Java\jdk1.8.0_144\bin;C:\apache-maven-3.6.1\bin;%M2_HOME%\bin;C:\apache-maven-3.6.1\bin;C:\Program Files\Microsoft VS Code\bin;C:\Users\kapil.sharma\AppData\Roaming\npm;C:\Users\kapil.sharma\AppData\Local\GitHubDesktop\bin;C:\Program Files\Java\jdk1.8.0_144\bin;C:\Program Files\Docker Toolbox;C:\apache-maven-3.6.1/bin;C:\Users\kapil.sharma\AppData\Local\Programs\Python\Python38-32;C:\Users\kapil.sharma\AppData\Local\Programs\Python\Python38-32\Scripts;C:\Windows\system32;;.]
2021-02-01 23:03:13,072 INFO org.apache.juli.logging.DirectJDKLog [main] Initializing Spring embedded WebApplicationContext
2021-02-01 23:03:13,073 INFO org.springframework.boot.web.servlet.context.ServletWebServerApplicationContext [main] Root WebApplicationContext: initialization completed in 5884 ms
2021-02-01 23:03:13,679 INFO com.zaxxer.hikari.HikariDataSource [main] HikariPool-1 - Starting...
2021-02-01 23:03:13,962 INFO com.zaxxer.hikari.HikariDataSource [main] HikariPool-1 - Start completed.
2021-02-01 23:03:14,096 INFO org.hibernate.jpa.internal.util.LogHelper [main] HHH000204: Processing PersistenceUnitInfo [
	name: default
	...]
2021-02-01 23:03:14,291 INFO org.hibernate.Version [main] HHH000412: Hibernate Core {5.3.7.Final}
2021-02-01 23:03:14,294 INFO org.hibernate.cfg.Environment [main] HHH000206: hibernate.properties not found
2021-02-01 23:03:14,654 INFO org.hibernate.annotations.common.reflection.java.JavaReflectionManager [main] HCANN000001: Hibernate Commons Annotations {5.0.4.Final}
2021-02-01 23:03:15,078 INFO org.hibernate.dialect.Dialect [main] HHH000400: Using dialect: org.hibernate.dialect.MySQL5Dialect
2021-02-01 23:03:17,854 INFO org.springframework.orm.jpa.AbstractEntityManagerFactoryBean [main] Initialized JPA EntityManagerFactory for persistence unit 'default'
2021-02-01 23:03:19,170 WARN org.springframework.context.support.AbstractApplicationContext [main] Exception encountered during context initialization - cancelling refresh attempt: org.springframework.beans.factory.UnsatisfiedDependencyException: Error creating bean with name 'topicContoller': Unsatisfied dependency expressed through field 'username'; nested exception is org.springframework.beans.TypeMismatchException: Failed to convert value of type 'java.lang.String' to required type 'int'; nested exception is java.lang.NumberFormatException: For input string: "kapil123jpr@gmail.com"
2021-02-01 23:03:19,173 INFO org.springframework.orm.jpa.AbstractEntityManagerFactoryBean [main] Closing JPA EntityManagerFactory for persistence unit 'default'
2021-02-01 23:03:19,177 INFO com.zaxxer.hikari.HikariDataSource [main] HikariPool-1 - Shutdown initiated...
2021-02-01 23:03:19,201 INFO com.zaxxer.hikari.HikariDataSource [main] HikariPool-1 - Shutdown completed.
2021-02-01 23:03:19,210 INFO org.apache.juli.logging.DirectJDKLog [main] Stopping service [Tomcat]
2021-02-01 23:03:19,264 INFO org.springframework.boot.autoconfigure.logging.ConditionEvaluationReportLoggingListener [main] 

Error starting ApplicationContext. To display the conditions report re-run your application with 'debug' enabled.
2021-02-01 23:03:19,284 ERROR org.springframework.boot.SpringApplication [main] Application run failed
org.springframework.beans.factory.UnsatisfiedDependencyException: Error creating bean with name 'topicContoller': Unsatisfied dependency expressed through field 'username'; nested exception is org.springframework.beans.TypeMismatchException: Failed to convert value of type 'java.lang.String' to required type 'int'; nested exception is java.lang.NumberFormatException: For input string: "kapil123jpr@gmail.com"
	at org.springframework.beans.factory.annotation.AutowiredAnnotationBeanPostProcessor$AutowiredFieldElement.inject(AutowiredAnnotationBeanPostProcessor.java:596)
	at org.springframework.beans.factory.annotation.InjectionMetadata.inject(InjectionMetadata.java:90)
	at org.springframework.beans.factory.annotation.AutowiredAnnotationBeanPostProcessor.postProcessProperties(AutowiredAnnotationBeanPostProcessor.java:374)
	at org.springframework.beans.factory.support.AbstractAutowireCapableBeanFactory.populateBean(AbstractAutowireCapableBeanFactory.java:1395)
	at org.springframework.beans.factory.support.AbstractAutowireCapableBeanFactory.doCreateBean(AbstractAutowireCapableBeanFactory.java:592)
	at org.springframework.beans.factory.support.AbstractAutowireCapableBeanFactory.createBean(AbstractAutowireCapableBeanFactory.java:515)
	at org.springframework.beans.factory.support.AbstractBeanFactory.lambda$doGetBean$0(AbstractBeanFactory.java:320)
	at org.springframework.beans.factory.support.DefaultSingletonBeanRegistry.getSingleton(DefaultSingletonBeanRegistry.java:222)
	at org.springframework.beans.factory.support.AbstractBeanFactory.doGetBean(AbstractBeanFactory.java:318)
	at org.springframework.beans.factory.support.AbstractBeanFactory.getBean(AbstractBeanFactory.java:199)
	at org.springframework.beans.factory.support.DefaultListableBeanFactory.preInstantiateSingletons(DefaultListableBeanFactory.java:849)
	at org.springframework.context.support.AbstractApplicationContext.finishBeanFactoryInitialization(AbstractApplicationContext.java:877)
	at org.springframework.context.support.AbstractApplicationContext.refresh(AbstractApplicationContext.java:549)
	at org.springframework.boot.web.servlet.context.ServletWebServerApplicationContext.refresh(ServletWebServerApplicationContext.java:142)
	at org.springframework.boot.SpringApplication.refresh(SpringApplication.java:775)
	at org.springframework.boot.SpringApplication.refreshContext(SpringApplication.java:397)
	at org.springframework.boot.SpringApplication.run(SpringApplication.java:316)
	at org.springframework.boot.SpringApplication.run(SpringApplication.java:1260)
	at org.springframework.boot.SpringApplication.run(SpringApplication.java:1248)
	at pacakge.project.ProjectDataApplication.main(ProjectDataApplication.java:20)
Caused by: org.springframework.beans.TypeMismatchException: Failed to convert value of type 'java.lang.String' to required type 'int'; nested exception is java.lang.NumberFormatException: For input string: "kapil123jpr@gmail.com"
	at org.springframework.beans.TypeConverterSupport.convertIfNecessary(TypeConverterSupport.java:79)
	at org.springframework.beans.factory.support.DefaultListableBeanFactory.doResolveDependency(DefaultListableBeanFactory.java:1195)
	at org.springframework.beans.factory.support.DefaultListableBeanFactory.resolveDependency(DefaultListableBeanFactory.java:1167)
	at org.springframework.beans.factory.annotation.AutowiredAnnotationBeanPostProcessor$AutowiredFieldElement.inject(AutowiredAnnotationBeanPostProcessor.java:593)
	... 19 common frames omitted
Caused by: java.lang.NumberFormatException: For input string: "kapil123jpr@gmail.com"
	at java.lang.NumberFormatException.forInputString(Unknown Source)
	at java.lang.Integer.parseInt(Unknown Source)
	at java.lang.Integer.valueOf(Unknown Source)
	at org.springframework.util.NumberUtils.parseNumber(NumberUtils.java:211)
	at org.springframework.beans.propertyeditors.CustomNumberEditor.setAsText(CustomNumberEditor.java:115)
	at org.springframework.beans.TypeConverterDelegate.doConvertTextValue(TypeConverterDelegate.java:429)
	at org.springframework.beans.TypeConverterDelegate.doConvertValue(TypeConverterDelegate.java:402)
	at org.springframework.beans.TypeConverterDelegate.convertIfNecessary(TypeConverterDelegate.java:155)
	at org.springframework.beans.TypeConverterSupport.convertIfNecessary(TypeConverterSupport.java:73)
	... 22 common frames omitted
2021-02-01 23:04:24,298 INFO org.springframework.boot.StartupInfoLogger [main] Starting ProjectDataApplication on Kapil-Sharma with PID 6084 (D:\study\springbootjpa\projaectdatademospring\target\classes started by kapil.sharma in D:\study\springbootjpa\projaectdatademospring)
2021-02-01 23:04:24,308 INFO org.springframework.boot.SpringApplication [main] No active profile set, falling back to default profiles: default
2021-02-01 23:04:26,752 INFO org.springframework.data.repository.config.RepositoryConfigurationDelegate [main] Bootstrapping Spring Data repositories in DEFAULT mode.
2021-02-01 23:04:26,981 INFO org.springframework.data.repository.config.RepositoryConfigurationDelegate [main] Finished Spring Data repository scanning in 196ms. Found 10 repository interfaces.
2021-02-01 23:04:27,774 INFO org.springframework.context.support.PostProcessorRegistrationDelegate$BeanPostProcessorChecker [main] Bean 'org.springframework.transaction.annotation.ProxyTransactionManagementConfiguration' of type [org.springframework.transaction.annotation.ProxyTransactionManagementConfiguration$$EnhancerBySpringCGLIB$$f318939f] is not eligible for getting processed by all BeanPostProcessors (for example: not eligible for auto-proxying)
2021-02-01 23:04:28,680 INFO org.springframework.boot.web.embedded.tomcat.TomcatWebServer [main] Tomcat initialized with port(s): 8080 (http)
2021-02-01 23:04:28,710 INFO org.apache.juli.logging.DirectJDKLog [main] Initializing ProtocolHandler ["http-nio-8080"]
2021-02-01 23:04:28,738 INFO org.apache.juli.logging.DirectJDKLog [main] Starting service [Tomcat]
2021-02-01 23:04:28,739 INFO org.apache.juli.logging.DirectJDKLog [main] Starting Servlet engine: [Apache Tomcat/9.0.16]
2021-02-01 23:04:28,929 INFO org.apache.juli.logging.DirectJDKLog [main] The APR based Apache Tomcat Native library which allows optimal performance in production environments was not found on the java.library.path: [C:\Program Files\Java\jre1.8.0_231\bin;C:\Windows\Sun\Java\bin;C:\Windows\system32;C:\Windows;C:/Program Files/Java/jre1.8.0_231/bin/server;C:/Program Files/Java/jre1.8.0_231/bin;C:/Program Files/Java/jre1.8.0_231/lib/amd64;C:\Program Files (x86)\Common Files\Oracle\Java\javapath;C:\Windows\system32;C:\Windows;C:\Windows\System32\Wbem;C:\Windows\System32\WindowsPowerShell\v1.0\;C:\Program Files\Microsoft SQL Server\130\Tools\Binn\;C:\Program Files\dotnet\;C:\Program Files\nodejs\;C:\Program Files (x86)\Microsoft SQL Server\110\Tools\Binn\;C:\Program Files\Microsoft SQL Server\110\Tools\Binn\;C:\Program Files\Microsoft SQL Server\110\DTS\Binn\;C:\Program Files (x86)\Microsoft SQL Server\110\Tools\Binn\ManagementStudio\;C:\Program Files (x86)\Microsoft SQL Server\110\DTS\Binn\;C:\Program Files\TortoiseGit\bin;C:\Program Files\Microsoft VS Code\bin;C:\Program Files\PuTTY\;C:\Program Files\Git\cmd;C:\Program Files\Java\jdk1.8.0_144\jre\bin;C:\Program Files\Java\jdk1.8.0_144\bin;C:\apache-maven-3.6.1\bin;%M2_HOME%\bin;C:\apache-maven-3.6.1\bin;C:\Program Files\Microsoft VS Code\bin;C:\Users\kapil.sharma\AppData\Roaming\npm;C:\Users\kapil.sharma\AppData\Local\GitHubDesktop\bin;C:\Program Files\Java\jdk1.8.0_144\bin;C:\Program Files\Docker Toolbox;C:\apache-maven-3.6.1/bin;C:\Users\kapil.sharma\AppData\Local\Programs\Python\Python38-32;C:\Users\kapil.sharma\AppData\Local\Programs\Python\Python38-32\Scripts;C:\Windows\system32;;.]
2021-02-01 23:04:29,347 INFO org.apache.juli.logging.DirectJDKLog [main] Initializing Spring embedded WebApplicationContext
2021-02-01 23:04:29,348 INFO org.springframework.boot.web.servlet.context.ServletWebServerApplicationContext [main] Root WebApplicationContext: initialization completed in 4868 ms
2021-02-01 23:04:29,891 INFO com.zaxxer.hikari.HikariDataSource [main] HikariPool-1 - Starting...
2021-02-01 23:04:30,223 INFO com.zaxxer.hikari.HikariDataSource [main] HikariPool-1 - Start completed.
2021-02-01 23:04:30,337 INFO org.hibernate.jpa.internal.util.LogHelper [main] HHH000204: Processing PersistenceUnitInfo [
	name: default
	...]
2021-02-01 23:04:30,495 INFO org.hibernate.Version [main] HHH000412: Hibernate Core {5.3.7.Final}
2021-02-01 23:04:30,499 INFO org.hibernate.cfg.Environment [main] HHH000206: hibernate.properties not found
2021-02-01 23:04:30,803 INFO org.hibernate.annotations.common.reflection.java.JavaReflectionManager [main] HCANN000001: Hibernate Commons Annotations {5.0.4.Final}
2021-02-01 23:04:31,147 INFO org.hibernate.dialect.Dialect [main] HHH000400: Using dialect: org.hibernate.dialect.MySQL5Dialect
2021-02-01 23:04:34,316 INFO org.springframework.orm.jpa.AbstractEntityManagerFactoryBean [main] Initialized JPA EntityManagerFactory for persistence unit 'default'
2021-02-01 23:04:36,477 WARN org.springframework.boot.autoconfigure.orm.jpa.JpaBaseConfiguration$JpaWebConfiguration$JpaWebMvcConfiguration [main] spring.jpa.open-in-view is enabled by default. Therefore, database queries may be performed during view rendering. Explicitly configure spring.jpa.open-in-view to disable this warning
2021-02-01 23:04:36,858 INFO springfox.documentation.spring.web.PropertySourcedRequestMappingHandlerMapping [main] Mapped URL path [/v2/api-docs] onto method [public org.springframework.http.ResponseEntity<springfox.documentation.spring.web.json.Json> springfox.documentation.swagger2.web.Swagger2Controller.getDocumentation(java.lang.String,javax.servlet.http.HttpServletRequest)]
2021-02-01 23:04:36,900 INFO org.springframework.scheduling.concurrent.ExecutorConfigurationSupport [main] Initializing ExecutorService
2021-02-01 23:04:36,902 INFO org.springframework.scheduling.concurrent.ExecutorConfigurationSupport [main] Initializing ExecutorService 'taskExecutor'
2021-02-01 23:04:37,800 INFO springfox.documentation.spring.web.plugins.DocumentationPluginsBootstrapper [main] Context refreshed
2021-02-01 23:04:37,844 INFO springfox.documentation.spring.web.plugins.DocumentationPluginsBootstrapper [main] Found 1 custom documentation plugin(s)
2021-02-01 23:04:38,138 INFO springfox.documentation.spring.web.scanners.ApiListingReferenceScanner [main] Scanning for api listing references
2021-02-01 23:04:38,740 INFO springfox.documentation.spring.web.readers.operation.CachingOperationNameGenerator [main] Generating unique operation named: addCourseUsingPOST_1
2021-02-01 23:04:38,926 INFO springfox.documentation.spring.web.readers.operation.CachingOperationNameGenerator [main] Generating unique operation named: getUsersUsingGET_1
2021-02-01 23:04:38,995 INFO springfox.documentation.spring.web.readers.operation.CachingOperationNameGenerator [main] Generating unique operation named: deleteAddressUsingDELETE_1
2021-02-01 23:04:39,017 INFO springfox.documentation.spring.web.readers.operation.CachingOperationNameGenerator [main] Generating unique operation named: deleteUserUsingDELETE_1
2021-02-01 23:04:39,036 INFO springfox.documentation.spring.web.readers.operation.CachingOperationNameGenerator [main] Generating unique operation named: getAddressUsingGET_1
2021-02-01 23:04:39,043 INFO springfox.documentation.spring.web.readers.operation.CachingOperationNameGenerator [main] Generating unique operation named: getAddressesUsingGET_1
2021-02-01 23:04:39,091 INFO springfox.documentation.spring.web.readers.operation.CachingOperationNameGenerator [main] Generating unique operation named: getUserUsingGET_1
2021-02-01 23:04:39,098 INFO springfox.documentation.spring.web.readers.operation.CachingOperationNameGenerator [main] Generating unique operation named: getUsersUsingGET_2
2021-02-01 23:04:39,123 INFO springfox.documentation.spring.web.readers.operation.CachingOperationNameGenerator [main] Generating unique operation named: saveAddressUsingPOST_1
2021-02-01 23:04:39,141 INFO springfox.documentation.spring.web.readers.operation.CachingOperationNameGenerator [main] Generating unique operation named: saveUserUsingPOST_1
2021-02-01 23:04:39,156 INFO springfox.documentation.spring.web.readers.operation.CachingOperationNameGenerator [main] Generating unique operation named: addTopicUsingPOST_1
2021-02-01 23:04:39,263 INFO org.apache.juli.logging.DirectJDKLog [main] Starting ProtocolHandler ["http-nio-8080"]
2021-02-01 23:04:39,363 INFO org.springframework.boot.web.embedded.tomcat.TomcatWebServer [main] Tomcat started on port(s): 8080 (http) with context path ''
2021-02-01 23:04:39,367 INFO org.springframework.boot.StartupInfoLogger [main] Started ProjectDataApplication in 16.185 seconds (JVM running for 16.969)
2021-02-01 23:05:06,450 INFO org.apache.juli.logging.DirectJDKLog [http-nio-8080-exec-1] Initializing Spring DispatcherServlet 'dispatcherServlet'
2021-02-01 23:05:06,450 INFO org.springframework.web.servlet.FrameworkServlet [http-nio-8080-exec-1] Initializing Servlet 'dispatcherServlet'
2021-02-01 23:05:06,672 INFO org.springframework.web.servlet.FrameworkServlet [http-nio-8080-exec-1] Completed initialization in 221 ms
2021-02-01 23:05:06,915 INFO pacakge.project.topic.TopicContoller [http-nio-8080-exec-1] An INFO Message
2021-02-01 23:05:06,916 WARN pacakge.project.topic.TopicContoller [http-nio-8080-exec-1] A WARN Message
2021-02-01 23:05:06,917 ERROR pacakge.project.topic.TopicContoller [http-nio-8080-exec-1] An ERROR Message
2021-02-01 23:05:07,152 INFO org.hibernate.hql.internal.QueryTranslatorFactoryInitiator [http-nio-8080-exec-1] HHH000397: Using ASTQueryTranslatorFactory
2021-02-01 23:06:36,520 INFO org.springframework.boot.StartupInfoLogger [main] Starting ProjectDataApplication on Kapil-Sharma with PID 9476 (D:\study\springbootjpa\projaectdatademospring\target\classes started by kapil.sharma in D:\study\springbootjpa\projaectdatademospring)
2021-02-01 23:06:36,525 INFO org.springframework.boot.SpringApplication [main] No active profile set, falling back to default profiles: default
2021-02-01 23:06:38,981 INFO org.springframework.data.repository.config.RepositoryConfigurationDelegate [main] Bootstrapping Spring Data repositories in DEFAULT mode.
2021-02-01 23:06:39,239 INFO org.springframework.data.repository.config.RepositoryConfigurationDelegate [main] Finished Spring Data repository scanning in 237ms. Found 10 repository interfaces.
2021-02-01 23:06:40,118 INFO org.springframework.context.support.PostProcessorRegistrationDelegate$BeanPostProcessorChecker [main] Bean 'org.springframework.transaction.annotation.ProxyTransactionManagementConfiguration' of type [org.springframework.transaction.annotation.ProxyTransactionManagementConfiguration$$EnhancerBySpringCGLIB$$73471925] is not eligible for getting processed by all BeanPostProcessors (for example: not eligible for auto-proxying)
2021-02-01 23:06:41,139 INFO org.springframework.boot.web.embedded.tomcat.TomcatWebServer [main] Tomcat initialized with port(s): 8080 (http)
2021-02-01 23:06:41,166 INFO org.apache.juli.logging.DirectJDKLog [main] Initializing ProtocolHandler ["http-nio-8080"]
2021-02-01 23:06:41,190 INFO org.apache.juli.logging.DirectJDKLog [main] Starting service [Tomcat]
2021-02-01 23:06:41,190 INFO org.apache.juli.logging.DirectJDKLog [main] Starting Servlet engine: [Apache Tomcat/9.0.16]
2021-02-01 23:06:41,321 INFO org.apache.juli.logging.DirectJDKLog [main] The APR based Apache Tomcat Native library which allows optimal performance in production environments was not found on the java.library.path: [C:\Program Files\Java\jre1.8.0_231\bin;C:\Windows\Sun\Java\bin;C:\Windows\system32;C:\Windows;C:/Program Files/Java/jre1.8.0_231/bin/server;C:/Program Files/Java/jre1.8.0_231/bin;C:/Program Files/Java/jre1.8.0_231/lib/amd64;C:\Program Files (x86)\Common Files\Oracle\Java\javapath;C:\Windows\system32;C:\Windows;C:\Windows\System32\Wbem;C:\Windows\System32\WindowsPowerShell\v1.0\;C:\Program Files\Microsoft SQL Server\130\Tools\Binn\;C:\Program Files\dotnet\;C:\Program Files\nodejs\;C:\Program Files (x86)\Microsoft SQL Server\110\Tools\Binn\;C:\Program Files\Microsoft SQL Server\110\Tools\Binn\;C:\Program Files\Microsoft SQL Server\110\DTS\Binn\;C:\Program Files (x86)\Microsoft SQL Server\110\Tools\Binn\ManagementStudio\;C:\Program Files (x86)\Microsoft SQL Server\110\DTS\Binn\;C:\Program Files\TortoiseGit\bin;C:\Program Files\Microsoft VS Code\bin;C:\Program Files\PuTTY\;C:\Program Files\Git\cmd;C:\Program Files\Java\jdk1.8.0_144\jre\bin;C:\Program Files\Java\jdk1.8.0_144\bin;C:\apache-maven-3.6.1\bin;%M2_HOME%\bin;C:\apache-maven-3.6.1\bin;C:\Program Files\Microsoft VS Code\bin;C:\Users\kapil.sharma\AppData\Roaming\npm;C:\Users\kapil.sharma\AppData\Local\GitHubDesktop\bin;C:\Program Files\Java\jdk1.8.0_144\bin;C:\Program Files\Docker Toolbox;C:\apache-maven-3.6.1/bin;C:\Users\kapil.sharma\AppData\Local\Programs\Python\Python38-32;C:\Users\kapil.sharma\AppData\Local\Programs\Python\Python38-32\Scripts;C:\Windows\system32;;.]
2021-02-01 23:06:41,719 INFO org.apache.juli.logging.DirectJDKLog [main] Initializing Spring embedded WebApplicationContext
2021-02-01 23:06:41,720 INFO org.springframework.boot.web.servlet.context.ServletWebServerApplicationContext [main] Root WebApplicationContext: initialization completed in 5065 ms
2021-02-01 23:06:42,251 INFO com.zaxxer.hikari.HikariDataSource [main] HikariPool-1 - Starting...
2021-02-01 23:06:42,581 INFO com.zaxxer.hikari.HikariDataSource [main] HikariPool-1 - Start completed.
2021-02-01 23:06:42,727 INFO org.hibernate.jpa.internal.util.LogHelper [main] HHH000204: Processing PersistenceUnitInfo [
	name: default
	...]
2021-02-01 23:06:43,086 INFO org.hibernate.Version [main] HHH000412: Hibernate Core {5.3.7.Final}
2021-02-01 23:06:43,095 INFO org.hibernate.cfg.Environment [main] HHH000206: hibernate.properties not found
2021-02-01 23:06:43,497 INFO org.hibernate.annotations.common.reflection.java.JavaReflectionManager [main] HCANN000001: Hibernate Commons Annotations {5.0.4.Final}
2021-02-01 23:06:43,923 INFO org.hibernate.dialect.Dialect [main] HHH000400: Using dialect: org.hibernate.dialect.MySQL5Dialect
2021-02-01 23:06:47,248 INFO org.springframework.orm.jpa.AbstractEntityManagerFactoryBean [main] Initialized JPA EntityManagerFactory for persistence unit 'default'
2021-02-01 23:06:49,310 WARN org.springframework.boot.autoconfigure.orm.jpa.JpaBaseConfiguration$JpaWebConfiguration$JpaWebMvcConfiguration [main] spring.jpa.open-in-view is enabled by default. Therefore, database queries may be performed during view rendering. Explicitly configure spring.jpa.open-in-view to disable this warning
2021-02-01 23:06:49,736 INFO springfox.documentation.spring.web.PropertySourcedRequestMappingHandlerMapping [main] Mapped URL path [/v2/api-docs] onto method [public org.springframework.http.ResponseEntity<springfox.documentation.spring.web.json.Json> springfox.documentation.swagger2.web.Swagger2Controller.getDocumentation(java.lang.String,javax.servlet.http.HttpServletRequest)]
2021-02-01 23:06:49,777 INFO org.springframework.scheduling.concurrent.ExecutorConfigurationSupport [main] Initializing ExecutorService
2021-02-01 23:06:49,780 INFO org.springframework.scheduling.concurrent.ExecutorConfigurationSupport [main] Initializing ExecutorService 'taskExecutor'
2021-02-01 23:06:50,610 INFO springfox.documentation.spring.web.plugins.DocumentationPluginsBootstrapper [main] Context refreshed
2021-02-01 23:06:50,653 INFO springfox.documentation.spring.web.plugins.DocumentationPluginsBootstrapper [main] Found 1 custom documentation plugin(s)
2021-02-01 23:06:50,910 INFO springfox.documentation.spring.web.scanners.ApiListingReferenceScanner [main] Scanning for api listing references
2021-02-01 23:06:51,330 INFO springfox.documentation.spring.web.readers.operation.CachingOperationNameGenerator [main] Generating unique operation named: addCourseUsingPOST_1
2021-02-01 23:06:51,528 INFO springfox.documentation.spring.web.readers.operation.CachingOperationNameGenerator [main] Generating unique operation named: getUsersUsingGET_1
2021-02-01 23:06:51,593 INFO springfox.documentation.spring.web.readers.operation.CachingOperationNameGenerator [main] Generating unique operation named: deleteAddressUsingDELETE_1
2021-02-01 23:06:51,605 INFO springfox.documentation.spring.web.readers.operation.CachingOperationNameGenerator [main] Generating unique operation named: deleteUserUsingDELETE_1
2021-02-01 23:06:51,626 INFO springfox.documentation.spring.web.readers.operation.CachingOperationNameGenerator [main] Generating unique operation named: getAddressUsingGET_1
2021-02-01 23:06:51,667 INFO springfox.documentation.spring.web.readers.operation.CachingOperationNameGenerator [main] Generating unique operation named: getAddressesUsingGET_1
2021-02-01 23:06:51,692 INFO springfox.documentation.spring.web.readers.operation.CachingOperationNameGenerator [main] Generating unique operation named: getUserUsingGET_1
2021-02-01 23:06:51,705 INFO springfox.documentation.spring.web.readers.operation.CachingOperationNameGenerator [main] Generating unique operation named: getUsersUsingGET_2
2021-02-01 23:06:51,745 INFO springfox.documentation.spring.web.readers.operation.CachingOperationNameGenerator [main] Generating unique operation named: saveAddressUsingPOST_1
2021-02-01 23:06:51,767 INFO springfox.documentation.spring.web.readers.operation.CachingOperationNameGenerator [main] Generating unique operation named: saveUserUsingPOST_1
2021-02-01 23:06:51,780 INFO springfox.documentation.spring.web.readers.operation.CachingOperationNameGenerator [main] Generating unique operation named: addTopicUsingPOST_1
2021-02-01 23:06:51,859 INFO org.apache.juli.logging.DirectJDKLog [main] Starting ProtocolHandler ["http-nio-8080"]
2021-02-01 23:06:51,909 INFO org.springframework.boot.web.embedded.tomcat.TomcatWebServer [main] Tomcat started on port(s): 8080 (http) with context path ''
2021-02-01 23:06:51,913 INFO org.springframework.boot.StartupInfoLogger [main] Started ProjectDataApplication in 16.41 seconds (JVM running for 17.198)
2021-02-01 23:09:54,729 INFO org.apache.juli.logging.DirectJDKLog [http-nio-8080-exec-3] Initializing Spring DispatcherServlet 'dispatcherServlet'
2021-02-01 23:09:54,729 INFO org.springframework.web.servlet.FrameworkServlet [http-nio-8080-exec-3] Initializing Servlet 'dispatcherServlet'
2021-02-01 23:09:54,747 INFO org.springframework.web.servlet.FrameworkServlet [http-nio-8080-exec-3] Completed initialization in 16 ms
2021-02-01 23:09:54,808 INFO pacakge.project.topic.TopicContoller [http-nio-8080-exec-3] An INFO Messagekapil123jpr@gmail.com
2021-02-01 23:09:54,810 WARN pacakge.project.topic.TopicContoller [http-nio-8080-exec-3] A WARN Message
2021-02-01 23:09:54,810 ERROR pacakge.project.topic.TopicContoller [http-nio-8080-exec-3] An ERROR Message
2021-02-01 23:09:54,918 INFO org.hibernate.hql.internal.QueryTranslatorFactoryInitiator [http-nio-8080-exec-3] HHH000397: Using ASTQueryTranslatorFactory
2021-02-01 23:16:36,466 INFO org.springframework.boot.StartupInfoLogger [main] Starting ProjectDataApplication on Kapil-Sharma with PID 10004 (D:\study\springbootjpa\projaectdatademospring\target\classes started by kapil.sharma in D:\study\springbootjpa\projaectdatademospring)
2021-02-01 23:16:36,471 INFO org.springframework.boot.SpringApplication [main] No active profile set, falling back to default profiles: default
2021-02-01 23:16:38,940 INFO org.springframework.data.repository.config.RepositoryConfigurationDelegate [main] Bootstrapping Spring Data repositories in DEFAULT mode.
2021-02-01 23:16:39,128 INFO org.springframework.data.repository.config.RepositoryConfigurationDelegate [main] Finished Spring Data repository scanning in 173ms. Found 10 repository interfaces.
2021-02-01 23:16:39,949 INFO org.springframework.context.support.PostProcessorRegistrationDelegate$BeanPostProcessorChecker [main] Bean 'org.springframework.transaction.annotation.ProxyTransactionManagementConfiguration' of type [org.springframework.transaction.annotation.ProxyTransactionManagementConfiguration$$EnhancerBySpringCGLIB$$f6f266e3] is not eligible for getting processed by all BeanPostProcessors (for example: not eligible for auto-proxying)
2021-02-01 23:16:40,963 INFO org.springframework.boot.web.embedded.tomcat.TomcatWebServer [main] Tomcat initialized with port(s): 8080 (http)
2021-02-01 23:16:40,994 INFO org.apache.juli.logging.DirectJDKLog [main] Initializing ProtocolHandler ["http-nio-8080"]
2021-02-01 23:16:41,021 INFO org.apache.juli.logging.DirectJDKLog [main] Starting service [Tomcat]
2021-02-01 23:16:41,023 INFO org.apache.juli.logging.DirectJDKLog [main] Starting Servlet engine: [Apache Tomcat/9.0.16]
2021-02-01 23:16:41,430 INFO org.apache.juli.logging.DirectJDKLog [main] The APR based Apache Tomcat Native library which allows optimal performance in production environments was not found on the java.library.path: [C:\Program Files\Java\jre1.8.0_231\bin;C:\Windows\Sun\Java\bin;C:\Windows\system32;C:\Windows;C:/Program Files/Java/jre1.8.0_231/bin/server;C:/Program Files/Java/jre1.8.0_231/bin;C:/Program Files/Java/jre1.8.0_231/lib/amd64;C:\Program Files (x86)\Common Files\Oracle\Java\javapath;C:\Windows\system32;C:\Windows;C:\Windows\System32\Wbem;C:\Windows\System32\WindowsPowerShell\v1.0\;C:\Program Files\Microsoft SQL Server\130\Tools\Binn\;C:\Program Files\dotnet\;C:\Program Files\nodejs\;C:\Program Files (x86)\Microsoft SQL Server\110\Tools\Binn\;C:\Program Files\Microsoft SQL Server\110\Tools\Binn\;C:\Program Files\Microsoft SQL Server\110\DTS\Binn\;C:\Program Files (x86)\Microsoft SQL Server\110\Tools\Binn\ManagementStudio\;C:\Program Files (x86)\Microsoft SQL Server\110\DTS\Binn\;C:\Program Files\TortoiseGit\bin;C:\Program Files\Microsoft VS Code\bin;C:\Program Files\PuTTY\;C:\Program Files\Git\cmd;C:\Program Files\Java\jdk1.8.0_144\jre\bin;C:\Program Files\Java\jdk1.8.0_144\bin;C:\apache-maven-3.6.1\bin;%M2_HOME%\bin;C:\apache-maven-3.6.1\bin;C:\Program Files\Microsoft VS Code\bin;C:\Users\kapil.sharma\AppData\Roaming\npm;C:\Users\kapil.sharma\AppData\Local\GitHubDesktop\bin;C:\Program Files\Java\jdk1.8.0_144\bin;C:\Program Files\Docker Toolbox;C:\apache-maven-3.6.1/bin;C:\Users\kapil.sharma\AppData\Local\Programs\Python\Python38-32;C:\Users\kapil.sharma\AppData\Local\Programs\Python\Python38-32\Scripts;C:\Windows\system32;;.]
2021-02-01 23:16:41,827 INFO org.apache.juli.logging.DirectJDKLog [main] Initializing Spring embedded WebApplicationContext
2021-02-01 23:16:41,827 INFO org.springframework.boot.web.servlet.context.ServletWebServerApplicationContext [main] Root WebApplicationContext: initialization completed in 5217 ms
2021-02-01 23:16:42,460 INFO com.zaxxer.hikari.HikariDataSource [main] HikariPool-1 - Starting...
2021-02-01 23:16:42,780 INFO com.zaxxer.hikari.HikariDataSource [main] HikariPool-1 - Start completed.
2021-02-01 23:16:42,899 INFO org.hibernate.jpa.internal.util.LogHelper [main] HHH000204: Processing PersistenceUnitInfo [
	name: default
	...]
2021-02-01 23:16:43,066 INFO org.hibernate.Version [main] HHH000412: Hibernate Core {5.3.7.Final}
2021-02-01 23:16:43,069 INFO org.hibernate.cfg.Environment [main] HHH000206: hibernate.properties not found
2021-02-01 23:16:43,461 INFO org.hibernate.annotations.common.reflection.java.JavaReflectionManager [main] HCANN000001: Hibernate Commons Annotations {5.0.4.Final}
2021-02-01 23:16:43,962 INFO org.hibernate.dialect.Dialect [main] HHH000400: Using dialect: org.hibernate.dialect.MySQL5Dialect
2021-02-01 23:16:47,200 INFO org.springframework.orm.jpa.AbstractEntityManagerFactoryBean [main] Initialized JPA EntityManagerFactory for persistence unit 'default'
2021-02-01 23:16:49,343 WARN org.springframework.boot.autoconfigure.orm.jpa.JpaBaseConfiguration$JpaWebConfiguration$JpaWebMvcConfiguration [main] spring.jpa.open-in-view is enabled by default. Therefore, database queries may be performed during view rendering. Explicitly configure spring.jpa.open-in-view to disable this warning
2021-02-01 23:16:49,745 INFO springfox.documentation.spring.web.PropertySourcedRequestMappingHandlerMapping [main] Mapped URL path [/v2/api-docs] onto method [public org.springframework.http.ResponseEntity<springfox.documentation.spring.web.json.Json> springfox.documentation.swagger2.web.Swagger2Controller.getDocumentation(java.lang.String,javax.servlet.http.HttpServletRequest)]
2021-02-01 23:16:49,778 INFO org.springframework.scheduling.concurrent.ExecutorConfigurationSupport [main] Initializing ExecutorService
2021-02-01 23:16:49,781 INFO org.springframework.scheduling.concurrent.ExecutorConfigurationSupport [main] Initializing ExecutorService 'taskExecutor'
2021-02-01 23:16:50,716 INFO springfox.documentation.spring.web.plugins.DocumentationPluginsBootstrapper [main] Context refreshed
2021-02-01 23:16:50,761 INFO springfox.documentation.spring.web.plugins.DocumentationPluginsBootstrapper [main] Found 1 custom documentation plugin(s)
2021-02-01 23:16:51,010 INFO springfox.documentation.spring.web.scanners.ApiListingReferenceScanner [main] Scanning for api listing references
2021-02-01 23:16:51,478 INFO springfox.documentation.spring.web.readers.operation.CachingOperationNameGenerator [main] Generating unique operation named: addCourseUsingPOST_1
2021-02-01 23:16:51,722 INFO springfox.documentation.spring.web.readers.operation.CachingOperationNameGenerator [main] Generating unique operation named: getUsersUsingGET_1
2021-02-01 23:16:51,790 INFO springfox.documentation.spring.web.readers.operation.CachingOperationNameGenerator [main] Generating unique operation named: deleteAddressUsingDELETE_1
2021-02-01 23:16:51,801 INFO springfox.documentation.spring.web.readers.operation.CachingOperationNameGenerator [main] Generating unique operation named: deleteUserUsingDELETE_1
2021-02-01 23:16:51,818 INFO springfox.documentation.spring.web.readers.operation.CachingOperationNameGenerator [main] Generating unique operation named: getAddressUsingGET_1
2021-02-01 23:16:51,828 INFO springfox.documentation.spring.web.readers.operation.CachingOperationNameGenerator [main] Generating unique operation named: getAddressesUsingGET_1
2021-02-01 23:16:51,852 INFO springfox.documentation.spring.web.readers.operation.CachingOperationNameGenerator [main] Generating unique operation named: getUserUsingGET_1
2021-02-01 23:16:51,860 INFO springfox.documentation.spring.web.readers.operation.CachingOperationNameGenerator [main] Generating unique operation named: getUsersUsingGET_2
2021-02-01 23:16:51,882 INFO springfox.documentation.spring.web.readers.operation.CachingOperationNameGenerator [main] Generating unique operation named: saveAddressUsingPOST_1
2021-02-01 23:16:51,898 INFO springfox.documentation.spring.web.readers.operation.CachingOperationNameGenerator [main] Generating unique operation named: saveUserUsingPOST_1
2021-02-01 23:16:51,914 INFO springfox.documentation.spring.web.readers.operation.CachingOperationNameGenerator [main] Generating unique operation named: addTopicUsingPOST_1
2021-02-01 23:16:52,023 INFO org.apache.juli.logging.DirectJDKLog [main] Starting ProtocolHandler ["http-nio-8080"]
2021-02-01 23:16:52,095 INFO org.springframework.boot.web.embedded.tomcat.TomcatWebServer [main] Tomcat started on port(s): 8080 (http) with context path ''
2021-02-01 23:16:52,098 INFO org.springframework.boot.StartupInfoLogger [main] Started ProjectDataApplication in 16.601 seconds (JVM running for 17.408)
2021-02-01 23:17:15,925 INFO org.springframework.boot.StartupInfoLogger [main] Starting ProjectDataApplication on Kapil-Sharma with PID 9516 (D:\study\springbootjpa\projaectdatademospring\target\classes started by kapil.sharma in D:\study\springbootjpa\projaectdatademospring)
2021-02-01 23:17:15,930 INFO org.springframework.boot.SpringApplication [main] The following profiles are active: test
2021-02-01 23:17:18,516 INFO org.springframework.data.repository.config.RepositoryConfigurationDelegate [main] Bootstrapping Spring Data repositories in DEFAULT mode.
2021-02-01 23:17:18,809 INFO org.springframework.data.repository.config.RepositoryConfigurationDelegate [main] Finished Spring Data repository scanning in 276ms. Found 10 repository interfaces.
2021-02-01 23:17:19,891 INFO org.springframework.context.support.PostProcessorRegistrationDelegate$BeanPostProcessorChecker [main] Bean 'org.springframework.transaction.annotation.ProxyTransactionManagementConfiguration' of type [org.springframework.transaction.annotation.ProxyTransactionManagementConfiguration$$EnhancerBySpringCGLIB$$50f05bd0] is not eligible for getting processed by all BeanPostProcessors (for example: not eligible for auto-proxying)
2021-02-01 23:17:20,887 INFO org.springframework.boot.web.embedded.tomcat.TomcatWebServer [main] Tomcat initialized with port(s): 8080 (http)
2021-02-01 23:17:20,922 INFO org.apache.juli.logging.DirectJDKLog [main] Initializing ProtocolHandler ["http-nio-8080"]
2021-02-01 23:17:20,947 INFO org.apache.juli.logging.DirectJDKLog [main] Starting service [Tomcat]
2021-02-01 23:17:20,947 INFO org.apache.juli.logging.DirectJDKLog [main] Starting Servlet engine: [Apache Tomcat/9.0.16]
2021-02-01 23:17:21,179 INFO org.apache.juli.logging.DirectJDKLog [main] The APR based Apache Tomcat Native library which allows optimal performance in production environments was not found on the java.library.path: [C:\Program Files\Java\jre1.8.0_231\bin;C:\Windows\Sun\Java\bin;C:\Windows\system32;C:\Windows;C:/Program Files/Java/jre1.8.0_231/bin/server;C:/Program Files/Java/jre1.8.0_231/bin;C:/Program Files/Java/jre1.8.0_231/lib/amd64;C:\Program Files (x86)\Common Files\Oracle\Java\javapath;C:\Windows\system32;C:\Windows;C:\Windows\System32\Wbem;C:\Windows\System32\WindowsPowerShell\v1.0\;C:\Program Files\Microsoft SQL Server\130\Tools\Binn\;C:\Program Files\dotnet\;C:\Program Files\nodejs\;C:\Program Files (x86)\Microsoft SQL Server\110\Tools\Binn\;C:\Program Files\Microsoft SQL Server\110\Tools\Binn\;C:\Program Files\Microsoft SQL Server\110\DTS\Binn\;C:\Program Files (x86)\Microsoft SQL Server\110\Tools\Binn\ManagementStudio\;C:\Program Files (x86)\Microsoft SQL Server\110\DTS\Binn\;C:\Program Files\TortoiseGit\bin;C:\Program Files\Microsoft VS Code\bin;C:\Program Files\PuTTY\;C:\Program Files\Git\cmd;C:\Program Files\Java\jdk1.8.0_144\jre\bin;C:\Program Files\Java\jdk1.8.0_144\bin;C:\apache-maven-3.6.1\bin;%M2_HOME%\bin;C:\apache-maven-3.6.1\bin;C:\Program Files\Microsoft VS Code\bin;C:\Users\kapil.sharma\AppData\Roaming\npm;C:\Users\kapil.sharma\AppData\Local\GitHubDesktop\bin;C:\Program Files\Java\jdk1.8.0_144\bin;C:\Program Files\Docker Toolbox;C:\apache-maven-3.6.1/bin;C:\Users\kapil.sharma\AppData\Local\Programs\Python\Python38-32;C:\Users\kapil.sharma\AppData\Local\Programs\Python\Python38-32\Scripts;C:\Windows\system32;;.]
2021-02-01 23:17:21,560 INFO org.apache.juli.logging.DirectJDKLog [main] Initializing Spring embedded WebApplicationContext
2021-02-01 23:17:21,561 INFO org.springframework.boot.web.servlet.context.ServletWebServerApplicationContext [main] Root WebApplicationContext: initialization completed in 5425 ms
2021-02-01 23:17:22,125 INFO com.zaxxer.hikari.HikariDataSource [main] HikariPool-1 - Starting...
2021-02-01 23:17:22,459 INFO com.zaxxer.hikari.HikariDataSource [main] HikariPool-1 - Start completed.
2021-02-01 23:17:22,587 INFO org.hibernate.jpa.internal.util.LogHelper [main] HHH000204: Processing PersistenceUnitInfo [
	name: default
	...]
2021-02-01 23:17:22,766 INFO org.hibernate.Version [main] HHH000412: Hibernate Core {5.3.7.Final}
2021-02-01 23:17:22,770 INFO org.hibernate.cfg.Environment [main] HHH000206: hibernate.properties not found
2021-02-01 23:17:23,019 INFO org.hibernate.annotations.common.reflection.java.JavaReflectionManager [main] HCANN000001: Hibernate Commons Annotations {5.0.4.Final}
2021-02-01 23:17:23,417 INFO org.hibernate.dialect.Dialect [main] HHH000400: Using dialect: org.hibernate.dialect.MySQL5Dialect
2021-02-01 23:17:26,223 INFO org.springframework.orm.jpa.AbstractEntityManagerFactoryBean [main] Initialized JPA EntityManagerFactory for persistence unit 'default'
2021-02-01 23:17:28,241 WARN org.springframework.boot.autoconfigure.orm.jpa.JpaBaseConfiguration$JpaWebConfiguration$JpaWebMvcConfiguration [main] spring.jpa.open-in-view is enabled by default. Therefore, database queries may be performed during view rendering. Explicitly configure spring.jpa.open-in-view to disable this warning
2021-02-01 23:17:28,563 INFO springfox.documentation.spring.web.PropertySourcedRequestMappingHandlerMapping [main] Mapped URL path [/v2/api-docs] onto method [public org.springframework.http.ResponseEntity<springfox.documentation.spring.web.json.Json> springfox.documentation.swagger2.web.Swagger2Controller.getDocumentation(java.lang.String,javax.servlet.http.HttpServletRequest)]
2021-02-01 23:17:28,589 INFO org.springframework.scheduling.concurrent.ExecutorConfigurationSupport [main] Initializing ExecutorService
2021-02-01 23:17:28,591 INFO org.springframework.scheduling.concurrent.ExecutorConfigurationSupport [main] Initializing ExecutorService 'taskExecutor'
2021-02-01 23:17:29,504 INFO springfox.documentation.spring.web.plugins.DocumentationPluginsBootstrapper [main] Context refreshed
2021-02-01 23:17:29,546 INFO springfox.documentation.spring.web.plugins.DocumentationPluginsBootstrapper [main] Found 1 custom documentation plugin(s)
2021-02-01 23:17:29,821 INFO springfox.documentation.spring.web.scanners.ApiListingReferenceScanner [main] Scanning for api listing references
2021-02-01 23:17:30,372 INFO springfox.documentation.spring.web.readers.operation.CachingOperationNameGenerator [main] Generating unique operation named: addCourseUsingPOST_1
2021-02-01 23:17:30,538 INFO springfox.documentation.spring.web.readers.operation.CachingOperationNameGenerator [main] Generating unique operation named: getUsersUsingGET_1
2021-02-01 23:17:30,679 INFO springfox.documentation.spring.web.readers.operation.CachingOperationNameGenerator [main] Generating unique operation named: deleteAddressUsingDELETE_1
2021-02-01 23:17:30,724 INFO springfox.documentation.spring.web.readers.operation.CachingOperationNameGenerator [main] Generating unique operation named: deleteUserUsingDELETE_1
2021-02-01 23:17:30,775 INFO springfox.documentation.spring.web.readers.operation.CachingOperationNameGenerator [main] Generating unique operation named: getAddressUsingGET_1
2021-02-01 23:17:30,783 INFO springfox.documentation.spring.web.readers.operation.CachingOperationNameGenerator [main] Generating unique operation named: getAddressesUsingGET_1
2021-02-01 23:17:30,802 INFO springfox.documentation.spring.web.readers.operation.CachingOperationNameGenerator [main] Generating unique operation named: getUserUsingGET_1
2021-02-01 23:17:30,809 INFO springfox.documentation.spring.web.readers.operation.CachingOperationNameGenerator [main] Generating unique operation named: getUsersUsingGET_2
2021-02-01 23:17:30,828 INFO springfox.documentation.spring.web.readers.operation.CachingOperationNameGenerator [main] Generating unique operation named: saveAddressUsingPOST_1
2021-02-01 23:17:30,844 INFO springfox.documentation.spring.web.readers.operation.CachingOperationNameGenerator [main] Generating unique operation named: saveUserUsingPOST_1
2021-02-01 23:17:30,864 INFO springfox.documentation.spring.web.readers.operation.CachingOperationNameGenerator [main] Generating unique operation named: addTopicUsingPOST_1
2021-02-01 23:17:30,962 INFO org.apache.juli.logging.DirectJDKLog [main] Starting ProtocolHandler ["http-nio-8080"]
2021-02-01 23:17:31,009 INFO org.springframework.boot.web.embedded.tomcat.TomcatWebServer [main] Tomcat started on port(s): 8080 (http) with context path ''
2021-02-01 23:17:31,012 INFO org.springframework.boot.StartupInfoLogger [main] Started ProjectDataApplication in 16.26 seconds (JVM running for 17.035)
2021-02-01 23:18:12,750 INFO org.apache.juli.logging.DirectJDKLog [http-nio-8080-exec-1] Initializing Spring DispatcherServlet 'dispatcherServlet'
2021-02-01 23:18:12,751 INFO org.springframework.web.servlet.FrameworkServlet [http-nio-8080-exec-1] Initializing Servlet 'dispatcherServlet'
2021-02-01 23:18:12,770 INFO org.springframework.web.servlet.FrameworkServlet [http-nio-8080-exec-1] Completed initialization in 19 ms
2021-02-01 23:18:12,858 INFO pacakge.project.topic.TopicContoller [http-nio-8080-exec-1] An INFO Messagekapil1234jpr@gmail.com
2021-02-01 23:18:12,859 WARN pacakge.project.topic.TopicContoller [http-nio-8080-exec-1] A WARN Message
2021-02-01 23:18:12,859 ERROR pacakge.project.topic.TopicContoller [http-nio-8080-exec-1] An ERROR Message
2021-02-01 23:18:12,976 INFO org.hibernate.hql.internal.QueryTranslatorFactoryInitiator [http-nio-8080-exec-1] HHH000397: Using ASTQueryTranslatorFactory
2021-02-01 23:20:23,774 INFO org.springframework.boot.StartupInfoLogger [main] Starting ProjectDataApplication on Kapil-Sharma with PID 13620 (D:\study\springbootjpa\projaectdatademospring\target\classes started by kapil.sharma in D:\study\springbootjpa\projaectdatademospring)
2021-02-01 23:20:23,781 INFO org.springframework.boot.SpringApplication [main] The following profiles are active: test1
2021-02-01 23:20:27,051 INFO org.springframework.data.repository.config.RepositoryConfigurationDelegate [main] Bootstrapping Spring Data repositories in DEFAULT mode.
2021-02-01 23:20:27,313 INFO org.springframework.data.repository.config.RepositoryConfigurationDelegate [main] Finished Spring Data repository scanning in 243ms. Found 10 repository interfaces.
2021-02-01 23:20:28,393 INFO org.springframework.context.support.PostProcessorRegistrationDelegate$BeanPostProcessorChecker [main] Bean 'org.springframework.transaction.annotation.ProxyTransactionManagementConfiguration' of type [org.springframework.transaction.annotation.ProxyTransactionManagementConfiguration$$EnhancerBySpringCGLIB$$2208748f] is not eligible for getting processed by all BeanPostProcessors (for example: not eligible for auto-proxying)
2021-02-01 23:20:29,731 INFO org.springframework.boot.web.embedded.tomcat.TomcatWebServer [main] Tomcat initialized with port(s): 8080 (http)
2021-02-01 23:20:29,777 INFO org.apache.juli.logging.DirectJDKLog [main] Initializing ProtocolHandler ["http-nio-8080"]
2021-02-01 23:20:29,987 INFO org.apache.juli.logging.DirectJDKLog [main] Starting service [Tomcat]
2021-02-01 23:20:29,988 INFO org.apache.juli.logging.DirectJDKLog [main] Starting Servlet engine: [Apache Tomcat/9.0.16]
2021-02-01 23:20:30,018 INFO org.apache.juli.logging.DirectJDKLog [main] The APR based Apache Tomcat Native library which allows optimal performance in production environments was not found on the java.library.path: [C:\Program Files\Java\jre1.8.0_231\bin;C:\Windows\Sun\Java\bin;C:\Windows\system32;C:\Windows;C:/Program Files/Java/jre1.8.0_231/bin/server;C:/Program Files/Java/jre1.8.0_231/bin;C:/Program Files/Java/jre1.8.0_231/lib/amd64;C:\Program Files (x86)\Common Files\Oracle\Java\javapath;C:\Windows\system32;C:\Windows;C:\Windows\System32\Wbem;C:\Windows\System32\WindowsPowerShell\v1.0\;C:\Program Files\Microsoft SQL Server\130\Tools\Binn\;C:\Program Files\dotnet\;C:\Program Files\nodejs\;C:\Program Files (x86)\Microsoft SQL Server\110\Tools\Binn\;C:\Program Files\Microsoft SQL Server\110\Tools\Binn\;C:\Program Files\Microsoft SQL Server\110\DTS\Binn\;C:\Program Files (x86)\Microsoft SQL Server\110\Tools\Binn\ManagementStudio\;C:\Program Files (x86)\Microsoft SQL Server\110\DTS\Binn\;C:\Program Files\TortoiseGit\bin;C:\Program Files\Microsoft VS Code\bin;C:\Program Files\PuTTY\;C:\Program Files\Git\cmd;C:\Program Files\Java\jdk1.8.0_144\jre\bin;C:\Program Files\Java\jdk1.8.0_144\bin;C:\apache-maven-3.6.1\bin;%M2_HOME%\bin;C:\apache-maven-3.6.1\bin;C:\Program Files\Microsoft VS Code\bin;C:\Users\kapil.sharma\AppData\Roaming\npm;C:\Users\kapil.sharma\AppData\Local\GitHubDesktop\bin;C:\Program Files\Java\jdk1.8.0_144\bin;C:\Program Files\Docker Toolbox;C:\apache-maven-3.6.1/bin;C:\Users\kapil.sharma\AppData\Local\Programs\Python\Python38-32;C:\Users\kapil.sharma\AppData\Local\Programs\Python\Python38-32\Scripts;C:\Windows\system32;;.]
2021-02-01 23:20:30,493 INFO org.apache.juli.logging.DirectJDKLog [main] Initializing Spring embedded WebApplicationContext
2021-02-01 23:20:30,494 INFO org.springframework.boot.web.servlet.context.ServletWebServerApplicationContext [main] Root WebApplicationContext: initialization completed in 6590 ms
2021-02-01 23:20:31,102 INFO com.zaxxer.hikari.HikariDataSource [main] HikariPool-1 - Starting...
2021-02-01 23:20:31,459 INFO com.zaxxer.hikari.HikariDataSource [main] HikariPool-1 - Start completed.
2021-02-01 23:20:31,608 INFO org.hibernate.jpa.internal.util.LogHelper [main] HHH000204: Processing PersistenceUnitInfo [
	name: default
	...]
2021-02-01 23:20:31,765 INFO org.hibernate.Version [main] HHH000412: Hibernate Core {5.3.7.Final}
2021-02-01 23:20:31,768 INFO org.hibernate.cfg.Environment [main] HHH000206: hibernate.properties not found
2021-02-01 23:20:32,240 INFO org.hibernate.annotations.common.reflection.java.JavaReflectionManager [main] HCANN000001: Hibernate Commons Annotations {5.0.4.Final}
2021-02-01 23:20:32,804 INFO org.hibernate.dialect.Dialect [main] HHH000400: Using dialect: org.hibernate.dialect.MySQL5Dialect
2021-02-01 23:20:36,063 INFO org.springframework.orm.jpa.AbstractEntityManagerFactoryBean [main] Initialized JPA EntityManagerFactory for persistence unit 'default'
2021-02-01 23:20:38,809 WARN org.springframework.boot.autoconfigure.orm.jpa.JpaBaseConfiguration$JpaWebConfiguration$JpaWebMvcConfiguration [main] spring.jpa.open-in-view is enabled by default. Therefore, database queries may be performed during view rendering. Explicitly configure spring.jpa.open-in-view to disable this warning
2021-02-01 23:20:39,368 INFO springfox.documentation.spring.web.PropertySourcedRequestMappingHandlerMapping [main] Mapped URL path [/v2/api-docs] onto method [public org.springframework.http.ResponseEntity<springfox.documentation.spring.web.json.Json> springfox.documentation.swagger2.web.Swagger2Controller.getDocumentation(java.lang.String,javax.servlet.http.HttpServletRequest)]
2021-02-01 23:20:39,398 INFO org.springframework.scheduling.concurrent.ExecutorConfigurationSupport [main] Initializing ExecutorService
2021-02-01 23:20:39,414 INFO org.springframework.scheduling.concurrent.ExecutorConfigurationSupport [main] Initializing ExecutorService 'taskExecutor'
2021-02-01 23:20:40,220 INFO springfox.documentation.spring.web.plugins.DocumentationPluginsBootstrapper [main] Context refreshed
2021-02-01 23:20:40,261 INFO springfox.documentation.spring.web.plugins.DocumentationPluginsBootstrapper [main] Found 1 custom documentation plugin(s)
2021-02-01 23:20:40,611 INFO springfox.documentation.spring.web.scanners.ApiListingReferenceScanner [main] Scanning for api listing references
2021-02-01 23:20:41,202 INFO springfox.documentation.spring.web.readers.operation.CachingOperationNameGenerator [main] Generating unique operation named: addCourseUsingPOST_1
2021-02-01 23:20:41,367 INFO springfox.documentation.spring.web.readers.operation.CachingOperationNameGenerator [main] Generating unique operation named: getUsersUsingGET_1
2021-02-01 23:20:41,446 INFO springfox.documentation.spring.web.readers.operation.CachingOperationNameGenerator [main] Generating unique operation named: deleteAddressUsingDELETE_1
2021-02-01 23:20:41,457 INFO springfox.documentation.spring.web.readers.operation.CachingOperationNameGenerator [main] Generating unique operation named: deleteUserUsingDELETE_1
2021-02-01 23:20:41,481 INFO springfox.documentation.spring.web.readers.operation.CachingOperationNameGenerator [main] Generating unique operation named: getAddressUsingGET_1
2021-02-01 23:20:41,495 INFO springfox.documentation.spring.web.readers.operation.CachingOperationNameGenerator [main] Generating unique operation named: getAddressesUsingGET_1
2021-02-01 23:20:41,514 INFO springfox.documentation.spring.web.readers.operation.CachingOperationNameGenerator [main] Generating unique operation named: getUserUsingGET_1
2021-02-01 23:20:41,520 INFO springfox.documentation.spring.web.readers.operation.CachingOperationNameGenerator [main] Generating unique operation named: getUsersUsingGET_2
2021-02-01 23:20:41,543 INFO springfox.documentation.spring.web.readers.operation.CachingOperationNameGenerator [main] Generating unique operation named: saveAddressUsingPOST_1
2021-02-01 23:20:41,675 INFO springfox.documentation.spring.web.readers.operation.CachingOperationNameGenerator [main] Generating unique operation named: saveUserUsingPOST_1
2021-02-01 23:20:41,715 INFO springfox.documentation.spring.web.readers.operation.CachingOperationNameGenerator [main] Generating unique operation named: addTopicUsingPOST_1
2021-02-01 23:20:41,856 INFO org.apache.juli.logging.DirectJDKLog [main] Starting ProtocolHandler ["http-nio-8080"]
2021-02-01 23:20:41,919 INFO org.springframework.boot.web.embedded.tomcat.TomcatWebServer [main] Tomcat started on port(s): 8080 (http) with context path ''
2021-02-01 23:20:41,924 INFO org.springframework.boot.StartupInfoLogger [main] Started ProjectDataApplication in 19.451 seconds (JVM running for 20.548)
2021-02-01 23:21:28,577 INFO org.apache.juli.logging.DirectJDKLog [http-nio-8080-exec-2] Initializing Spring DispatcherServlet 'dispatcherServlet'
2021-02-01 23:21:28,578 INFO org.springframework.web.servlet.FrameworkServlet [http-nio-8080-exec-2] Initializing Servlet 'dispatcherServlet'
2021-02-01 23:21:28,618 INFO org.springframework.web.servlet.FrameworkServlet [http-nio-8080-exec-2] Completed initialization in 40 ms
2021-02-01 23:21:28,694 INFO pacakge.project.topic.TopicContoller [http-nio-8080-exec-2] An INFO Messagekapil123jpr@gmail.com
2021-02-01 23:21:28,696 WARN pacakge.project.topic.TopicContoller [http-nio-8080-exec-2] A WARN Message
2021-02-01 23:21:28,696 ERROR pacakge.project.topic.TopicContoller [http-nio-8080-exec-2] An ERROR Message
2021-02-01 23:21:28,784 INFO org.hibernate.hql.internal.QueryTranslatorFactoryInitiator [http-nio-8080-exec-2] HHH000397: Using ASTQueryTranslatorFactory
2021-02-01 23:34:03,442 INFO org.springframework.boot.StartupInfoLogger [main] Starting ProjectDataApplicationTests on Kapil-Sharma with PID 3524 (started by kapil.sharma in D:\study\springbootjpa\projaectdatademospring)
2021-02-01 23:34:03,444 INFO org.springframework.boot.SpringApplication [main] The following profiles are active: test1
2021-02-01 23:34:06,088 INFO org.springframework.data.repository.config.RepositoryConfigurationDelegate [main] Bootstrapping Spring Data repositories in DEFAULT mode.
2021-02-01 23:34:06,295 INFO org.springframework.data.repository.config.RepositoryConfigurationDelegate [main] Finished Spring Data repository scanning in 185ms. Found 10 repository interfaces.
2021-02-01 23:34:07,351 INFO org.springframework.context.support.PostProcessorRegistrationDelegate$BeanPostProcessorChecker [main] Bean 'org.springframework.transaction.annotation.ProxyTransactionManagementConfiguration' of type [org.springframework.transaction.annotation.ProxyTransactionManagementConfiguration$$EnhancerBySpringCGLIB$$69684147] is not eligible for getting processed by all BeanPostProcessors (for example: not eligible for auto-proxying)
2021-02-01 23:34:08,335 INFO com.zaxxer.hikari.HikariDataSource [main] HikariPool-1 - Starting...
2021-02-01 23:34:08,732 INFO com.zaxxer.hikari.HikariDataSource [main] HikariPool-1 - Start completed.
2021-02-01 23:34:08,875 INFO org.hibernate.jpa.internal.util.LogHelper [main] HHH000204: Processing PersistenceUnitInfo [
	name: default
	...]
2021-02-01 23:34:09,082 INFO org.hibernate.Version [main] HHH000412: Hibernate Core {5.3.7.Final}
2021-02-01 23:34:09,092 INFO org.hibernate.cfg.Environment [main] HHH000206: hibernate.properties not found
2021-02-01 23:34:09,572 INFO org.hibernate.annotations.common.reflection.java.JavaReflectionManager [main] HCANN000001: Hibernate Commons Annotations {5.0.4.Final}
2021-02-01 23:34:10,140 INFO org.hibernate.dialect.Dialect [main] HHH000400: Using dialect: org.hibernate.dialect.MySQL5Dialect
2021-02-01 23:34:13,757 INFO org.springframework.orm.jpa.AbstractEntityManagerFactoryBean [main] Initialized JPA EntityManagerFactory for persistence unit 'default'
2021-02-01 23:34:16,795 WARN org.springframework.boot.autoconfigure.orm.jpa.JpaBaseConfiguration$JpaWebConfiguration$JpaWebMvcConfiguration [main] spring.jpa.open-in-view is enabled by default. Therefore, database queries may be performed during view rendering. Explicitly configure spring.jpa.open-in-view to disable this warning
2021-02-01 23:34:17,436 INFO springfox.documentation.spring.web.PropertySourcedRequestMappingHandlerMapping [main] Mapped URL path [/v2/api-docs] onto method [public org.springframework.http.ResponseEntity<springfox.documentation.spring.web.json.Json> springfox.documentation.swagger2.web.Swagger2Controller.getDocumentation(java.lang.String,javax.servlet.http.HttpServletRequest)]
2021-02-01 23:34:17,473 INFO org.springframework.scheduling.concurrent.ExecutorConfigurationSupport [main] Initializing ExecutorService
2021-02-01 23:34:17,496 INFO org.springframework.scheduling.concurrent.ExecutorConfigurationSupport [main] Initializing ExecutorService 'taskExecutor'
2021-02-01 23:34:19,457 INFO springfox.documentation.spring.web.plugins.DocumentationPluginsBootstrapper [main] Context refreshed
2021-02-01 23:34:19,502 INFO springfox.documentation.spring.web.plugins.DocumentationPluginsBootstrapper [main] Found 1 custom documentation plugin(s)
2021-02-01 23:34:19,664 INFO springfox.documentation.spring.web.scanners.ApiListingReferenceScanner [main] Scanning for api listing references
2021-02-01 23:34:20,187 INFO springfox.documentation.spring.web.readers.operation.CachingOperationNameGenerator [main] Generating unique operation named: addCourseUsingPOST_1
2021-02-01 23:34:20,342 INFO springfox.documentation.spring.web.readers.operation.CachingOperationNameGenerator [main] Generating unique operation named: getUsersUsingGET_1
2021-02-01 23:34:20,415 INFO springfox.documentation.spring.web.readers.operation.CachingOperationNameGenerator [main] Generating unique operation named: deleteAddressUsingDELETE_1
2021-02-01 23:34:20,439 INFO springfox.documentation.spring.web.readers.operation.CachingOperationNameGenerator [main] Generating unique operation named: deleteUserUsingDELETE_1
2021-02-01 23:34:20,468 INFO springfox.documentation.spring.web.readers.operation.CachingOperationNameGenerator [main] Generating unique operation named: getAddressUsingGET_1
2021-02-01 23:34:20,482 INFO springfox.documentation.spring.web.readers.operation.CachingOperationNameGenerator [main] Generating unique operation named: getAddressesUsingGET_1
2021-02-01 23:34:20,498 INFO springfox.documentation.spring.web.readers.operation.CachingOperationNameGenerator [main] Generating unique operation named: getUserUsingGET_1
2021-02-01 23:34:20,506 INFO springfox.documentation.spring.web.readers.operation.CachingOperationNameGenerator [main] Generating unique operation named: getUsersUsingGET_2
2021-02-01 23:34:20,520 INFO springfox.documentation.spring.web.readers.operation.CachingOperationNameGenerator [main] Generating unique operation named: saveAddressUsingPOST_1
2021-02-01 23:34:20,534 INFO springfox.documentation.spring.web.readers.operation.CachingOperationNameGenerator [main] Generating unique operation named: saveUserUsingPOST_1
2021-02-01 23:34:20,550 INFO springfox.documentation.spring.web.readers.operation.CachingOperationNameGenerator [main] Generating unique operation named: addTopicUsingPOST_1
2021-02-01 23:34:20,629 INFO org.springframework.boot.StartupInfoLogger [main] Started ProjectDataApplicationTests in 19.588 seconds (JVM running for 22.439)
2021-02-01 23:34:23,055 INFO org.springframework.scheduling.concurrent.ExecutorConfigurationSupport [Thread-2] Shutting down ExecutorService 'taskExecutor'
2021-02-01 23:34:23,065 INFO org.springframework.orm.jpa.AbstractEntityManagerFactoryBean [Thread-2] Closing JPA EntityManagerFactory for persistence unit 'default'
2021-02-01 23:34:23,070 INFO com.zaxxer.hikari.HikariDataSource [Thread-2] HikariPool-1 - Shutdown initiated...
2021-02-01 23:34:23,088 INFO com.zaxxer.hikari.HikariDataSource [Thread-2] HikariPool-1 - Shutdown completed.
